<?xml version="1.0" encoding="UTF-8"?>
<testsuite name="gremlins.SampleTest" tests="4" skipped="0" failures="0" errors="0" timestamp="2022-10-28T11:39:08" hostname="Tongyus-MacBook-Pro.local" time="10.049">
  <properties/>
  <testcase name="loadLeveltwoTest()" classname="gremlins.SampleTest" time="2.877"/>
  <testcase name="drawTest()" classname="gremlins.SampleTest" time="2.061"/>
  <testcase name="loadLevelOneTest()" classname="gremlins.SampleTest" time="2.066"/>
  <testcase name="setupTest()" classname="gremlins.SampleTest" time="3.045"/>
  <system-out><![CDATA[]]></system-out>
  <system-err><![CDATA[]]></system-err>
</testsuite>
